Flow report for hog
Thu May 18 19:01:39 2023
Quartus Prime Version 22.1std.1 Build 917 02/14/2023 SC Lite Edition


---------------------
; Table of Contents ;
---------------------
  1. Legal Notice
  2. Flow Summary
  3. Flow Settings
  4. Flow Non-Default Global Settings
  5. Flow Elapsed Time
  6. Flow OS Summary
  7. Flow Log
  8. Flow Messages
  9. Flow Suppressed Messages



----------------
; Legal Notice ;
----------------
Copyright (C) 2023  Intel Corporation. All rights reserved.
Your use of Intel Corporation's design tools, logic functions 
and other software and tools, and any partner logic 
functions, and any output files from any of the foregoing 
(including device programming or simulation files), and any 
associated documentation or information are expressly subject 
to the terms and conditions of the Intel Program License 
Subscription Agreement, the Intel Quartus Prime License Agreement,
the Intel FPGA IP License Agreement, or other applicable license
agreement, including, without limitation, that your use is for
the sole purpose of programming logic devices manufactured by
Intel and sold by Intel or its authorized distributors.  Please
refer to the applicable agreement for further details, at
https://fpgasoftware.intel.com/eula.



+----------------------------------------------------------------------------------+
; Flow Summary                                                                     ;
+---------------------------------+------------------------------------------------+
; Flow Status                     ; Successful - Thu May 18 19:01:39 2023          ;
; Quartus Prime Version           ; 22.1std.1 Build 917 02/14/2023 SC Lite Edition ;
; Revision Name                   ; hog                                            ;
; Top-level Entity Name           ; DE1_SoC_Default                                ;
; Family                          ; Cyclone V                                      ;
; Device                          ; 5CSEMA5F31C6                                   ;
; Timing Models                   ; Final                                          ;
; Logic utilization (in ALMs)     ; 5,380 / 32,070 ( 17 % )                        ;
; Total registers                 ; 8445                                           ;
; Total pins                      ; 366 / 457 ( 80 % )                             ;
; Total virtual pins              ; 0                                              ;
; Total block memory bits         ; 159,616 / 4,065,280 ( 4 % )                    ;
; Total DSP Blocks                ; 4 / 87 ( 5 % )                                 ;
; Total HSSI RX PCSs              ; 0                                              ;
; Total HSSI PMA RX Deserializers ; 0                                              ;
; Total HSSI TX PCSs              ; 0                                              ;
; Total HSSI PMA TX Serializers   ; 0                                              ;
; Total PLLs                      ; 1 / 6 ( 17 % )                                 ;
; Total DLLs                      ; 1 / 4 ( 25 % )                                 ;
+---------------------------------+------------------------------------------------+


+-----------------------------------------+
; Flow Settings                           ;
+-------------------+---------------------+
; Option            ; Setting             ;
+-------------------+---------------------+
; Start date & time ; 05/18/2023 18:43:47 ;
; Main task         ; Compilation         ;
; Revision Name     ; hog                 ;
+-------------------+---------------------+


+-----------------------------------------------------------------------------------------------------------------------------------------------------------------------------------------+
; Flow Non-Default Global Settings                                                                                                                                                        ;
+-------------------------------------+--------------------------------------------------------------------+---------------+--------------------------+-----------------------------------+
; Assignment Name                     ; Value                                                              ; Default Value ; Entity Name              ; Section Id                        ;
+-------------------------------------+--------------------------------------------------------------------+---------------+--------------------------+-----------------------------------+
; COMPILER_SIGNATURE_ID               ; 52234632697.168446062304463                                        ; --            ; --                       ; --                                ;
; EDA_DESIGN_ENTRY_SYNTHESIS_TOOL     ; Synplify                                                           ; <None>        ; --                       ; --                                ;
; EDA_GENERATE_FUNCTIONAL_NETLIST     ; Off                                                                ; --            ; --                       ; eda_board_design_timing           ;
; EDA_GENERATE_FUNCTIONAL_NETLIST     ; Off                                                                ; --            ; --                       ; eda_board_design_boundary_scan    ;
; EDA_GENERATE_FUNCTIONAL_NETLIST     ; Off                                                                ; --            ; --                       ; eda_board_design_signal_integrity ;
; EDA_GENERATE_FUNCTIONAL_NETLIST     ; Off                                                                ; --            ; --                       ; eda_board_design_symbol           ;
; EDA_INPUT_DATA_FORMAT               ; Vqm                                                                ; --            ; --                       ; eda_design_synthesis              ;
; EDA_LMF_FILE                        ; synplcty.lmf                                                       ; --            ; --                       ; eda_design_synthesis              ;
; HPS_ISW_FILE                        ; hps0/synthesis/submodules/sequencer/emif.pre.xml                   ; --            ; hps0_hps_0_hps_io_border ; --                                ;
; HPS_ISW_FILE                        ; hps0/synthesis/submodules/sequencer/system.pre.h                   ; --            ; hps0_hps_0_hps_io_border ; --                                ;
; HPS_ISW_FILE                        ; hps0/synthesis/submodules/sequencer/sequencer_auto.pre.h           ; --            ; hps0_hps_0_hps_io_border ; --                                ;
; HPS_ISW_FILE                        ; hps0/synthesis/submodules/sequencer/tclrpt.pre.c                   ; --            ; hps0_hps_0_hps_io_border ; --                                ;
; HPS_ISW_FILE                        ; hps0/synthesis/submodules/sequencer/sequencer_auto_inst_init.pre.c ; --            ; hps0_hps_0_hps_io_border ; --                                ;
; HPS_ISW_FILE                        ; hps0/synthesis/submodules/sequencer/sequencer.pre.h                ; --            ; hps0_hps_0_hps_io_border ; --                                ;
; HPS_ISW_FILE                        ; hps0/synthesis/submodules/sequencer/sequencer_auto_ac_init.pre.c   ; --            ; hps0_hps_0_hps_io_border ; --                                ;
; HPS_ISW_FILE                        ; hps0/synthesis/submodules/sequencer/sdram_io.pre.h                 ; --            ; hps0_hps_0_hps_io_border ; --                                ;
; HPS_ISW_FILE                        ; hps0/synthesis/submodules/sequencer/alt_types.pre.h                ; --            ; hps0_hps_0_hps_io_border ; --                                ;
; HPS_ISW_FILE                        ; hps0/synthesis/submodules/sequencer/sequencer_defines.pre.h        ; --            ; hps0_hps_0_hps_io_border ; --                                ;
; HPS_ISW_FILE                        ; hps0/synthesis/submodules/sequencer/tclrpt.pre.h                   ; --            ; hps0_hps_0_hps_io_border ; --                                ;
; HPS_ISW_FILE                        ; hps0/synthesis/submodules/sequencer/sequencer.pre.c                ; --            ; hps0_hps_0_hps_io_border ; --                                ;
; HPS_ISW_FILE                        ; hps0/synthesis/submodules/hps.pre.xml                              ; --            ; hps0_hps_0_hps_io_border ; --                                ;
; HPS_PARTITION                       ; On                                                                 ; --            ; hps0_hps_0_hps_io_border ; --                                ;
; MAX_CORE_JUNCTION_TEMP              ; 85                                                                 ; --            ; --                       ; --                                ;
; MIN_CORE_JUNCTION_TEMP              ; 0                                                                  ; --            ; --                       ; --                                ;
; MISC_FILE                           ; PLL_IP.cmp                                                         ; --            ; --                       ; --                                ;
; MISC_FILE                           ; hps0/synthesis/../hps0.cmp                                         ; --            ; --                       ; --                                ;
; MISC_FILE                           ; hps0/synthesis/hps0_hps_0_hps.svd                                  ; --            ; --                       ; --                                ;
; MISC_FILE                           ; hps0/synthesis/../../hps0.qsys                                     ; --            ; --                       ; --                                ;
; MISC_FILE                           ; hps0/synthesis/submodules/sequencer/emif.pre.xml                   ; --            ; --                       ; --                                ;
; MISC_FILE                           ; hps0/synthesis/submodules/sequencer/system.pre.h                   ; --            ; --                       ; --                                ;
; MISC_FILE                           ; hps0/synthesis/submodules/sequencer/sequencer_auto.pre.h           ; --            ; --                       ; --                                ;
; MISC_FILE                           ; hps0/synthesis/submodules/sequencer/tclrpt.pre.c                   ; --            ; --                       ; --                                ;
; MISC_FILE                           ; hps0/synthesis/submodules/sequencer/sequencer_auto_inst_init.pre.c ; --            ; --                       ; --                                ;
; MISC_FILE                           ; hps0/synthesis/submodules/sequencer/sequencer.pre.h                ; --            ; --                       ; --                                ;
; MISC_FILE                           ; hps0/synthesis/submodules/sequencer/sequencer_auto_ac_init.pre.c   ; --            ; --                       ; --                                ;
; MISC_FILE                           ; hps0/synthesis/submodules/sequencer/sdram_io.pre.h                 ; --            ; --                       ; --                                ;
; MISC_FILE                           ; hps0/synthesis/submodules/sequencer/alt_types.pre.h                ; --            ; --                       ; --                                ;
; MISC_FILE                           ; hps0/synthesis/submodules/sequencer/sequencer_defines.pre.h        ; --            ; --                       ; --                                ;
; MISC_FILE                           ; hps0/synthesis/submodules/sequencer/tclrpt.pre.h                   ; --            ; --                       ; --                                ;
; MISC_FILE                           ; hps0/synthesis/submodules/sequencer/sequencer.pre.c                ; --            ; --                       ; --                                ;
; MISC_FILE                           ; hps0/synthesis/submodules/hps.pre.xml                              ; --            ; --                       ; --                                ;
; PARTITION_COLOR                     ; -- (Not supported for targeted family)                             ; --            ; DE1_SoC_Default          ; Top                               ;
; PARTITION_FITTER_PRESERVATION_LEVEL ; -- (Not supported for targeted family)                             ; --            ; DE1_SoC_Default          ; Top                               ;
; PARTITION_NETLIST_TYPE              ; -- (Not supported for targeted family)                             ; --            ; DE1_SoC_Default          ; Top                               ;
; POWER_BOARD_THERMAL_MODEL           ; None (CONSERVATIVE)                                                ; --            ; --                       ; --                                ;
; POWER_PRESET_COOLING_SOLUTION       ; 23 MM HEAT SINK WITH 200 LFPM AIRFLOW                              ; --            ; --                       ; --                                ;
; PROJECT_OUTPUT_DIRECTORY            ; output_files                                                       ; --            ; --                       ; --                                ;
; SLD_FILE                            ; hps0/synthesis/hps0.regmap                                         ; --            ; --                       ; --                                ;
; SLD_FILE                            ; hps0/synthesis/hps0.debuginfo                                      ; --            ; --                       ; --                                ;
; SLD_INFO                            ; QSYS_NAME hps0 HAS_SOPCINFO 1 GENERATION_ID 1684457402             ; --            ; hps0                     ; --                                ;
; SOPCINFO_FILE                       ; hps0/synthesis/../../hps0.sopcinfo                                 ; --            ; --                       ; --                                ;
; SYNTHESIS_ONLY_QIP                  ; On                                                                 ; --            ; --                       ; --                                ;
; SYNTHESIS_ONLY_QIP                  ; On                                                                 ; --            ; --                       ; --                                ;
; TOP_LEVEL_ENTITY                    ; DE1_SoC_Default                                                    ; hog           ; --                       ; --                                ;
+-------------------------------------+--------------------------------------------------------------------+---------------+--------------------------+-----------------------------------+


+--------------------------------------------------------------------------------------------------------------------------+
; Flow Elapsed Time                                                                                                        ;
+----------------------+--------------+-------------------------+---------------------+------------------------------------+
; Module Name          ; Elapsed Time ; Average Processors Used ; Peak Virtual Memory ; Total CPU Time (on all processors) ;
+----------------------+--------------+-------------------------+---------------------+------------------------------------+
; Analysis & Synthesis ; 00:01:39     ; 1.3                     ; 1147 MB             ; 00:01:52                           ;
; Fitter               ; 00:11:19     ; 1.1                     ; 2655 MB             ; 00:10:14                           ;
; Assembler            ; 00:00:16     ; 1.0                     ; 673 MB              ; 00:00:13                           ;
; Timing Analyzer      ; 00:01:07     ; 1.4                     ; 1464 MB             ; 00:01:21                           ;
; Total                ; 00:14:21     ; --                      ; --                  ; 00:13:40                           ;
+----------------------+--------------+-------------------------+---------------------+------------------------------------+


+----------------------------------------------------------------------------------------+
; Flow OS Summary                                                                        ;
+----------------------+------------------+----------------+------------+----------------+
; Module Name          ; Machine Hostname ; OS Name        ; OS Version ; Processor type ;
+----------------------+------------------+----------------+------------+----------------+
; Analysis & Synthesis ; ubuntu           ; Ubuntu 20.04.6 ; 20         ; x86_64         ;
; Fitter               ; ubuntu           ; Ubuntu 20.04.6 ; 20         ; x86_64         ;
; Assembler            ; ubuntu           ; Ubuntu 20.04.6 ; 20         ; x86_64         ;
; Timing Analyzer      ; ubuntu           ; Ubuntu 20.04.6 ; 20         ; x86_64         ;
+----------------------+------------------+----------------+------------+----------------+


------------
; Flow Log ;
------------
quartus_map --read_settings_files=on --write_settings_files=off hog -c hog
quartus_fit --read_settings_files=off --write_settings_files=off hog -c hog
quartus_asm --read_settings_files=off --write_settings_files=off hog -c hog
quartus_sta hog -c hog
quartus_eda --read_settings_files=off --write_settings_files=off hog -c hog



